# JRE version: OpenJDK Runtime Environment (8.0_112-b06) (build 1.8.0_112-release-b06)
# Java VM: OpenJDK 64-Bit Server VM (25.112-b06 mixed mode windows-amd64 compressed oops)
Heap:
 PSYoungGen      total 409600K, used 8679K [0x00000000e0000000, 0x00000000fe200000, 0x0000000100000000)
  eden space 358912K, 0% used [0x00000000e0000000,0x00000000e01cc4b8,0x00000000f5e80000)
  from space 50688K, 13% used [0x00000000f5e80000,0x00000000f652d960,0x00000000f9000000)
  to   space 50176K, 0% used [0x00000000fb100000,0x00000000fb100000,0x00000000fe200000)
 ParOldGen       total 148992K, used 96364K [0x00000000a0000000, 0x00000000a9180000, 0x00000000e0000000)
  object space 148992K, 64% used [0x00000000a0000000,0x00000000a5e1b3d8,0x00000000a9180000)
 Metaspace       used 75176K, capacity 78946K, committed 78976K, reserved 1118208K
  class space    used 9585K, capacity 10338K, committed 10368K, reserved 1048576K
GC Heap History (10 events):
Event: 4661.386 GC heap before
{Heap before GC invocations=26 (full 3):
 PSYoungGen      total 308736K, used 304637K [0x00000000e0000000, 0x00000000f5e80000, 0x0000000100000000)
  eden space 268800K, 99% used [0x00000000e0000000,0x00000000f060d110,0x00000000f0680000)
  from space 39936K, 90% used [0x00000000f3380000,0x00000000f56f2550,0x00000000f5a80000)
  to   space 45056K, 0% used [0x00000000f0680000,0x00000000f0680000,0x00000000f3280000)
 ParOldGen       total 148992K, used 81086K [0x00000000a0000000, 0x00000000a9180000, 0x00000000e0000000)
  object space 148992K, 54% used [0x00000000a0000000,0x00000000a4f2f968,0x00000000a9180000)
 Metaspace       used 74138K, capacity 77280K, committed 77568K, reserved 1116160K
  class space    used 9500K, capacity 10181K, committed 10240K, reserved 1048576K
Event: 4662.008 GC heap after
Heap after GC invocations=26 (full 3):
 PSYoungGen      total 313856K, used 27744K [0x00000000e0000000, 0x00000000f9b80000, 0x0000000100000000)
  eden space 268800K, 0% used [0x00000000e0000000,0x00000000e0000000,0x00000000f0680000)
  from space 45056K, 61% used [0x00000000f0680000,0x00000000f21982a8,0x00000000f3280000)
  to   space 45568K, 0% used [0x00000000f6f00000,0x00000000f6f00000,0x00000000f9b80000)
 ParOldGen       total 148992K, used 81094K [0x00000000a0000000, 0x00000000a9180000, 0x00000000e0000000)
  object space 148992K, 54% used [0x00000000a0000000,0x00000000a4f31968,0x00000000a9180000)
 Metaspace       used 74138K, capacity 77280K, committed 77568K, reserved 1116160K
  class space    used 9500K, capacity 10181K, committed 10240K, reserved 1048576K
}
Event: 4879.372 GC heap before
{Heap before GC invocations=27 (full 3):
 PSYoungGen      total 313856K, used 296544K [0x00000000e0000000, 0x00000000f9b80000, 0x0000000100000000)
  eden space 268800K, 100% used [0x00000000e0000000,0x00000000f0680000,0x00000000f0680000)
  from space 45056K, 61% used [0x00000000f0680000,0x00000000f21982a8,0x00000000f3280000)
  to   space 45568K, 0% used [0x00000000f6f00000,0x00000000f6f00000,0x00000000f9b80000)
 ParOldGen       total 148992K, used 81094K [0x00000000a0000000, 0x00000000a9180000, 0x00000000e0000000)
  object space 148992K, 54% used [0x00000000a0000000,0x00000000a4f31968,0x00000000a9180000)
 Metaspace       used 74169K, capacity 77352K, committed 77568K, reserved 1116160K
  class space    used 9501K, capacity 10183K, committed 10240K, reserved 1048576K
Event: 4879.402 GC heap after
Heap after GC invocations=27 (full 3):
 PSYoungGen      total 361472K, used 1172K [0x00000000e0000000, 0x00000000f9500000, 0x0000000100000000)
  eden space 322560K, 0% used [0x00000000e0000000,0x00000000e0000000,0x00000000f3b00000)
  from space 38912K, 3% used [0x00000000f6f00000,0x00000000f7025010,0x00000000f9500000)
  to   space 46080K, 0% used [0x00000000f3b00000,0x00000000f3b00000,0x00000000f6800000)
 ParOldGen       total 148992K, used 90029K [0x00000000a0000000, 0x00000000a9180000, 0x00000000e0000000)
  object space 148992K, 60% used [0x00000000a0000000,0x00000000a57eb530,0x00000000a9180000)
 Metaspace       used 74169K, capacity 77352K, committed 77568K, reserved 1116160K
  class space    used 9501K, capacity 10183K, committed 10240K, reserved 1048576K
}
Event: 4896.504 GC heap before
{Heap before GC invocations=28 (full 3):
 PSYoungGen      total 361472K, used 323732K [0x00000000e0000000, 0x00000000f9500000, 0x0000000100000000)
  eden space 322560K, 100% used [0x00000000e0000000,0x00000000f3b00000,0x00000000f3b00000)
  from space 38912K, 3% used [0x00000000f6f00000,0x00000000f7025010,0x00000000f9500000)
  to   space 46080K, 0% used [0x00000000f3b00000,0x00000000f3b00000,0x00000000f6800000)
 ParOldGen       total 148992K, used 90029K [0x00000000a0000000, 0x00000000a9180000, 0x00000000e0000000)
  object space 148992K, 60% used [0x00000000a0000000,0x00000000a57eb530,0x00000000a9180000)
 Metaspace       used 74488K, capacity 77822K, committed 78080K, reserved 1118208K
  class space    used 9520K, capacity 10212K, committed 10240K, reserved 1048576K
Event: 4896.584 GC heap after
Heap after GC invocations=28 (full 3):
 PSYoungGen      total 368640K, used 43057K [0x00000000e0000000, 0x00000000fcc00000, 0x0000000100000000)
  eden space 322560K, 0% used [0x00000000e0000000,0x00000000e0000000,0x00000000f3b00000)
  from space 46080K, 93% used [0x00000000f3b00000,0x00000000f650c628,0x00000000f6800000)
  to   space 52736K, 0% used [0x00000000f9880000,0x00000000f9880000,0x00000000fcc00000)
 ParOldGen       total 148992K, used 96348K [0x00000000a0000000, 0x00000000a9180000, 0x00000000e0000000)
  object space 148992K, 64% used [0x00000000a0000000,0x00000000a5e173d8,0x00000000a9180000)
 Metaspace       used 74488K, capacity 77822K, committed 78080K, reserved 1118208K
  class space    used 9520K, capacity 10212K, committed 10240K, reserved 1048576K
}
Event: 5290.597 GC heap before
{Heap before GC invocations=29 (full 3):
 PSYoungGen      total 368640K, used 365617K [0x00000000e0000000, 0x00000000fcc00000, 0x0000000100000000)
  eden space 322560K, 100% used [0x00000000e0000000,0x00000000f3b00000,0x00000000f3b00000)
  from space 46080K, 93% used [0x00000000f3b00000,0x00000000f650c628,0x00000000f6800000)
  to   space 52736K, 0% used [0x00000000f9880000,0x00000000f9880000,0x00000000fcc00000)
 ParOldGen       total 148992K, used 96348K [0x00000000a0000000, 0x00000000a9180000, 0x00000000e0000000)
  object space 148992K, 64% used [0x00000000a0000000,0x00000000a5e173d8,0x00000000a9180000)
 Metaspace       used 74926K, capacity 78502K, committed 78720K, reserved 1118208K
  class space    used 9558K, capacity 10274K, committed 10368K, reserved 1048576K
Event: 5290.690 GC heap after
Heap after GC invocations=29 (full 3):
 PSYoungGen      total 400896K, used 24238K [0x00000000e0000000, 0x00000000fc180000, 0x0000000100000000)
  eden space 358912K, 0% used [0x00000000e0000000,0x00000000e0000000,0x00000000f5e80000)
  from space 41984K, 57% used [0x00000000f9880000,0x00000000fb02b918,0x00000000fc180000)
  to   space 50688K, 0% used [0x00000000f5e80000,0x00000000f5e80000,0x00000000f9000000)
 ParOldGen       total 148992K, used 96356K [0x00000000a0000000, 0x00000000a9180000, 0x00000000e0000000)
  object space 148992K, 64% used [0x00000000a0000000,0x00000000a5e193d8,0x00000000a9180000)
 Metaspace       used 74926K, capacity 78502K, committed 78720K, reserved 1118208K
  class space    used 9558K, capacity 10274K, committed 10368K, reserved 1048576K
}
Event: 5474.794 GC heap before
{Heap before GC invocations=30 (full 3):
 PSYoungGen      total 400896K, used 383150K [0x00000000e0000000, 0x00000000fc180000, 0x0000000100000000)
  eden space 358912K, 100% used [0x00000000e0000000,0x00000000f5e80000,0x00000000f5e80000)
  from space 41984K, 57% used [0x00000000f9880000,0x00000000fb02b918,0x00000000fc180000)
  to   space 50688K, 0% used [0x00000000f5e80000,0x00000000f5e80000,0x00000000f9000000)
 ParOldGen       total 148992K, used 96356K [0x00000000a0000000, 0x00000000a9180000, 0x00000000e0000000)
  object space 148992K, 64% used [0x00000000a0000000,0x00000000a5e193d8,0x00000000a9180000)
 Metaspace       used 75174K, capacity 78946K, committed 78976K, reserved 1118208K
  class space    used 9585K, capacity 10338K, committed 10368K, reserved 1048576K
Event: 5474.982 GC heap after
Heap after GC invocations=30 (full 3):
 PSYoungGen      total 409600K, used 6838K [0x00000000e0000000, 0x00000000fe200000, 0x0000000100000000)
  eden space 358912K, 0% used [0x00000000e0000000,0x00000000e0000000,0x00000000f5e80000)
  from space 50688K, 13% used [0x00000000f5e80000,0x00000000f652d960,0x00000000f9000000)
  to   space 50176K, 0% used [0x00000000fb100000,0x00000000fb100000,0x00000000fe200000)
 ParOldGen       total 148992K, used 96364K [0x00000000a0000000, 0x00000000a9180000, 0x00000000e0000000)
  object space 148992K, 64% used [0x00000000a0000000,0x00000000a5e1b3d8,0x00000000a9180000)
 Metaspace       used 75174K, capacity 78946K, committed 78976K, reserved 1118208K
  class space    used 9585K, capacity 10338K, committed 10368K, reserved 1048576K
}

